<?xml version="1.0" encoding="UTF-8"?>
<!-- Generated by org.testng.reporters.JUnitReportReporter -->
<testsuite hostname="DESKTOP-3ARF4MQ" failures="0" tests="1" name="PageObject.program1" time="2.486" errors="0" timestamp="2024-01-17T16:21:25 IST" skipped="0">
  <testcase classname="PageObject.program1" name="setup" time="2.486"/>
</testsuite> <!-- PageObject.program1 -->
