<?xml version="1.0" encoding="UTF-8"?>
<!-- Generated by org.testng.reporters.JUnitReportReporter -->
<testsuite hostname="DESKTOP-5H40G25" failures="0" tests="1" name="SearchTestCases.java.SearchTestCases" time="10.191" errors="0" timestamp="2024-04-20T12:38:19 IST" skipped="0">
  <testcase classname="SearchTestCases.java.SearchTestCases" name="search" time="10.191"/>
  <system-out/>
</testsuite> <!-- SearchTestCases.java.SearchTestCases -->
