<?xml version="1.0" encoding="UTF-8"?>
<!-- Generated by org.testng.reporters.JUnitReportReporter -->
<testsuite hostname="DESKTOP-5H40G25" failures="0" tests="1" name="logintestcases.java.LoginTestCases" time="10.431" errors="0" timestamp="2024-04-20T12:38:19 IST" skipped="0">
  <testcase classname="logintestcases.java.LoginTestCases" name="VerifyLogin" time="10.431"/>
  <system-out/>
</testsuite> <!-- logintestcases.java.LoginTestCases -->
