<?xml version="1.0" encoding="UTF-8"?>
<!-- Generated by org.testng.reporters.JUnitReportReporter -->
<testsuite hostname="DESKTOP-5H40G25" failures="0" tests="1" name="RegisterTestCases.java.RegisterTestCases" time="11.674" errors="0" timestamp="2024-04-20T12:45:00 IST" skipped="0">
  <testcase classname="RegisterTestCases.java.RegisterTestCases" name="VerifyRegister" time="11.674"/>
  <system-out/>
</testsuite> <!-- RegisterTestCases.java.RegisterTestCases -->
